Unity Editor version:    2021.3.33f1 (ee5a2aa03ab2)
Branch:                  2021.3/staging
Build type:              Release
Batch mode:              YES
macOS version:           Version 13.6.1 (Build 22G313)
Darwin version:          22.6.0
Architecture:            arm64
Running under Rosetta:   NO
Available memory:        24576 MB
Using pre-set license
Pro License: YES

COMMAND LINE ARGUMENTS:
/Users/seunghyenam/Project_tmp/2021.3.33f1/Unity.app/Contents/MacOS/Unity
-adb2
-batchMode
-noUpm
-name
AssetImportWorker1
-projectPath
/Users/seunghyenam/sh_project/sh_project_a/Undead Survivor
-logFile
Logs/AssetImportWorker1.log
-srvPort
51040
Successfully changed project path to: /Users/seunghyenam/sh_project/sh_project_a/Undead Survivor
/Users/seunghyenam/sh_project/sh_project_a/Undead Survivor
[UnityMemory] Configuration Parameters - Can be set up in boot.config
    "memorysetup-bucket-allocator-granularity=16"
    "memorysetup-bucket-allocator-bucket-count=8"
    "memorysetup-bucket-allocator-block-size=33554432"
    "memorysetup-bucket-allocator-block-count=8"
    "memorysetup-main-allocator-block-size=16777216"
    "memorysetup-thread-allocator-block-size=16777216"
    "memorysetup-gfx-main-allocator-block-size=16777216"
    "memorysetup-gfx-thread-allocator-block-size=16777216"
    "memorysetup-cache-allocator-block-size=4194304"
    "memorysetup-typetree-allocator-block-size=2097152"
    "memorysetup-profiler-bucket-allocator-granularity=16"
    "memorysetup-profiler-bucket-allocator-bucket-count=8"
    "memorysetup-profiler-bucket-allocator-block-size=33554432"
    "memorysetup-profiler-bucket-allocator-block-count=8"
    "memorysetup-profiler-allocator-block-size=16777216"
    "memorysetup-profiler-editor-allocator-block-size=1048576"
    "memorysetup-temp-allocator-size-main=16777216"
    "memorysetup-job-temp-allocator-block-size=2097152"
    "memorysetup-job-temp-allocator-block-size-background=1048576"
    "memorysetup-job-temp-allocator-reduction-small-platforms=262144"
    "memorysetup-temp-allocator-size-background-worker=32768"
    "memorysetup-temp-allocator-size-job-worker=262144"
    "memorysetup-temp-allocator-size-preload-manager=33554432"
    "memorysetup-temp-allocator-size-nav-mesh-worker=65536"
    "memorysetup-temp-allocator-size-audio-worker=65536"
    "memorysetup-temp-allocator-size-cloud-worker=32768"
    "memorysetup-temp-allocator-size-gi-baking-worker=262144"
    "memorysetup-temp-allocator-size-gfx=262144"
Player connection [7990616192] Host "[IP] 10.10.10.130 [Port] 0 [Flags] 2 [Guid] 2459801966 [EditorId] 2459801966 [Version] 1048832 [Id] OSXEditor(0,SeungHyes-MacBook-Pro-2.local) [Debug] 1 [PackageName] OSXEditor [ProjectName] Editor" joined multi-casting on [225.0.0.222:54997]...

Player connection [7990616192] Host "[IP] 10.10.10.130 [Port] 0 [Flags] 2 [Guid] 2459801966 [EditorId] 2459801966 [Version] 1048832 [Id] OSXEditor(0,SeungHyes-MacBook-Pro-2.local) [Debug] 1 [PackageName] OSXEditor [ProjectName] Editor" joined alternative multi-casting on [225.0.0.222:34997]...

[Physics::Module] Initialized MultithreadedJobDispatcher with {0} workers.
Refreshing native plugins compatible for Editor in 79.62 ms, found 3 plugins.
Preloading 0 native plugins for Editor in 0.00 ms.
Initialize engine version: 2021.3.33f1 (ee5a2aa03ab2)
[Subsystems] Discovering subsystems at path /Users/seunghyenam/Project_tmp/2021.3.33f1/Unity.app/Contents/Resources/UnitySubsystems
[Subsystems] Discovering subsystems at path /Users/seunghyenam/sh_project/sh_project_a/Undead Survivor/Assets
GfxDevice: creating device client; threaded=0; jobified=0
 preferred device: Apple M2 (high power)
Metal devices available: 1
0: Apple M2 (high power)
Using device Apple M2 (high power)
Initializing Metal device caps: Apple M2
Initialize mono
Mono path[0] = '/Users/seunghyenam/Project_tmp/2021.3.33f1/Unity.app/Contents/Managed'
Mono path[1] = '/Users/seunghyenam/Project_tmp/2021.3.33f1/Unity.app/Contents/MonoBleedingEdge/lib/mono/unityjit-macos'
Mono config path = '/Users/seunghyenam/Project_tmp/2021.3.33f1/Unity.app/Contents/MonoBleedingEdge/etc'
Using monoOptions --debugger-agent=transport=dt_socket,embedding=1,server=y,suspend=n,address=127.0.0.1:56461
Begin MonoManager ReloadAssembly
Registering precompiled unity dll's ...
Register platform support module: /Users/seunghyenam/Project_tmp/2021.3.33f1/Unity.app/Contents/PlaybackEngines/MacStandaloneSupport/UnityEditor.OSXStandalone.Extensions.dll
Register platform support module: /Users/seunghyenam/Project_tmp/2021.3.33f1/PlaybackEngines/AndroidPlayer/UnityEditor.Android.Extensions.dll
Register platform support module: /Users/seunghyenam/Project_tmp/2021.3.33f1/PlaybackEngines/iOSSupport/UnityEditor.iOS.Extensions.dll
Registered in 0.000571 seconds.
[usbmuxd] Start listen thread
[usbmuxd] Listen thread started
[usbmuxd] Send listen message
Native extension for iOS target not found
Native extension for Android target not found
An ADB process has shut down when we were accessing it, the following System.ArgumentOutOfRangeException has been thrown: Index was out of range. Must be non-negative and less than the size of the collection.
Parameter name: index.
Android Extension - Scanning For ADB Devices 46 ms
Native extension for OSXStandalone target not found
Refreshing native plugins compatible for Editor in 81.48 ms, found 3 plugins.
Preloading 0 native plugins for Editor in 0.00 ms.
Mono: successfully reloaded assembly
- Completed reload, in  0.484 seconds
Domain Reload Profiling:
	ReloadAssembly (484ms)
		BeginReloadAssembly (41ms)
			ExecutionOrderSort (0ms)
			DisableScriptedObjects (0ms)
			BackupInstance (0ms)
			ReleaseScriptingObjects (0ms)
			CreateAndSetChildDomain (0ms)
		EndReloadAssembly (393ms)
			LoadAssemblies (40ms)
			RebuildTransferFunctionScriptingTraits (0ms)
			SetupTypeCache (66ms)
			ReleaseScriptCaches (0ms)
			RebuildScriptCaches (18ms)
			SetupLoadedEditorAssemblies (284ms)
				LogAssemblyErrors (0ms)
				InitializePlatformSupportModulesInManaged (133ms)
				SetLoadedEditorAssemblies (0ms)
				RefreshPlugins (81ms)
				BeforeProcessingInitializeOnLoad (1ms)
				ProcessInitializeOnLoadAttributes (48ms)
				ProcessInitializeOnLoadMethodAttributes (21ms)
				AfterProcessingInitializeOnLoad (0ms)
				EditorAssembliesLoaded (0ms)
			ExecutionOrderSort2 (0ms)
			AwakeInstancesAfterBackupRestoration (0ms)
Platform modules already initialized, skipping
Registering precompiled user dll's ...
Registered in 0.001623 seconds.
Begin MonoManager ReloadAssembly
Native extension for iOS target not found
Native extension for Android target not found
Native extension for OSXStandalone target not found
Refreshing native plugins compatible for Editor in 87.00 ms, found 3 plugins.
Preloading 0 native plugins for Editor in 0.00 ms.
Package Manager log level set to [2]
[Package Manager] Server::EnsureServerProcessIsRunning -- launch failed, reason: Unity was launched with the -noUpm command-line argument
[Package Manager] Cannot connect to Unity Package Manager local server
Mono: successfully reloaded assembly
- Completed reload, in  1.093 seconds
Domain Reload Profiling:
	ReloadAssembly (1094ms)
		BeginReloadAssembly (62ms)
			ExecutionOrderSort (0ms)
			DisableScriptedObjects (3ms)
			BackupInstance (0ms)
			ReleaseScriptingObjects (0ms)
			CreateAndSetChildDomain (17ms)
		EndReloadAssembly (973ms)
			LoadAssemblies (61ms)
			RebuildTransferFunctionScriptingTraits (0ms)
			SetupTypeCache (165ms)
			ReleaseScriptCaches (1ms)
			RebuildScriptCaches (41ms)
			SetupLoadedEditorAssemblies (672ms)
				LogAssemblyErrors (0ms)
				InitializePlatformSupportModulesInManaged (20ms)
				SetLoadedEditorAssemblies (0ms)
				RefreshPlugins (87ms)
				BeforeProcessingInitializeOnLoad (68ms)
				ProcessInitializeOnLoadAttributes (450ms)
				ProcessInitializeOnLoadMethodAttributes (46ms)
				AfterProcessingInitializeOnLoad (1ms)
				EditorAssembliesLoaded (0ms)
			ExecutionOrderSort2 (0ms)
			AwakeInstancesAfterBackupRestoration (2ms)
Platform modules already initialized, skipping
========================================================================
Worker process is ready to serve import requests
Launching external process: /Users/seunghyenam/Project_tmp/2021.3.33f1/Unity.app/Contents/Tools/UnityShaderCompiler
Launched and connected shader compiler UnityShaderCompiler after 0.05 seconds
Refreshing native plugins compatible for Editor in 0.48 ms, found 3 plugins.
Preloading 0 native plugins for Editor in 0.00 ms.
Unloading 5300 Unused Serialized files (Serialized files now loaded: 0)
Unloading 45 unused Assets / (1.0 MB). Loaded Objects now: 5750.
Memory consumption went from 203.0 MB to 202.0 MB.
Total: 2.906417 ms (FindLiveObjects: 0.178375 ms CreateObjectMapping: 0.108625 ms MarkObjects: 2.300959 ms  DeleteObjects: 0.317959 ms)

AssetImportParameters requested are different than current active one (requested -> active):
  custom:video-decoder-ogg-theora: a1e56fd34408186e4bbccfd4996cb3dc -> 
  custom:container-muxer-webm: aa71ff27fc2769a1b78a27578f13a17b -> 
  custom:container-demuxer-webm: 4f35f7cbe854078d1ac9338744f61a02 -> 
  custom:video-encoder-webm-vp8: eb34c28f22e8b96e1ab97ce403110664 -> 
  custom:framework-osx-AVFoundation: e770b220cccbd017edd2c1fefb359320 -> 
  custom:CustomObjectIndexerAttribute: 6b0e35c9178b02a6363f3721b7b8e397 -> 
  custom:audio-encoder-webm-vorbis: bf7c407c2cedff20999df2af8eb42d56 -> 
  custom:SearchIndexIgnoredProperties: e643bd26f0fe6173181afceb89e7c659 -> 
  custom:container-demuxer-ogg: 62fdf1f143b41e24485cea50d1cbac27 -> 
  custom:video-decoder-webm-vp8: 9c59270c3fd7afecdb556c50c9e8de78 -> 
  custom:audio-decoder-ogg-vorbis: bf7c407c2cedff20999df2af8eb42d56 -> 
========================================================================
Received Import Request.
  Time since last request: 1513474.563741 seconds.
  path: Assets/Settings/UniversalRP.asset
  artifactKey: Guid(681886c5eb7344803b6206f758bf0b1c) Importer(815301076,1909f56bfc062723c751e8b465ee728b)
Number of updated assets reloaded before import = 0
Start importing Assets/Settings/UniversalRP.asset using Guid(681886c5eb7344803b6206f758bf0b1c) Importer(815301076,1909f56bfc062723c751e8b465ee728b)  -> (artifact id: '00000000000000000000000000000000') in 0.373422 seconds  code(4) message(Build asset version error: assets/settings/universalrp.asset in SourceAssetDB has modification time of '2022-12-06T02:46:06Z' while content on disk has modification time of '2024-01-05T09:54:13Z')
  ERROR: Build asset version error: assets/settings/universalrp.asset in SourceAssetDB has modification time of '2022-12-06T02:46:06Z' while content on disk has modification time of '2024-01-05T09:54:13Z'
Number of asset objects unloaded after import = 1
========================================================================
Received Import Request.
  Time since last request: 0.000038 seconds.
  path: Assets/Undead Survivor/Icon.png
  artifactKey: Guid(8cf32bb594965f3449d71aab39ee30ad) Importer(815301076,1909f56bfc062723c751e8b465ee728b)
Number of updated assets reloaded before import = 0
Start importing Assets/Undead Survivor/Icon.png using Guid(8cf32bb594965f3449d71aab39ee30ad) Importer(815301076,1909f56bfc062723c751e8b465ee728b)  -> (artifact id: '00000000000000000000000000000000') in 0.334718 seconds  code(4) message(Build asset version error: assets/undead survivor/icon.png in SourceAssetDB has modification time of '2023-11-07T21:26:06Z' while content on disk has modification time of '2024-01-05T09:54:13Z')
  ERROR: Build asset version error: assets/undead survivor/icon.png in SourceAssetDB has modification time of '2023-11-07T21:26:06Z' while content on disk has modification time of '2024-01-05T09:54:13Z'
Number of asset objects unloaded after import = 0
========================================================================
Received Import Request.
  Time since last request: 0.816220 seconds.
  path: Assets/Undead Survivor/Audio/Dead.wav
  artifactKey: Guid(291608b8d286e2a4580ff36324455ce2) Importer(815301076,1909f56bfc062723c751e8b465ee728b)
Number of updated assets reloaded before import = 0
Start importing Assets/Undead Survivor/Audio/Dead.wav using Guid(291608b8d286e2a4580ff36324455ce2) Importer(815301076,1909f56bfc062723c751e8b465ee728b)  -> (artifact id: '00000000000000000000000000000000') in 0.322247 seconds  code(4) message(Build asset version error: assets/undead survivor/audio/dead.wav in SourceAssetDB has modification time of '2023-11-07T21:25:57Z' while content on disk has modification time of '2024-01-05T09:54:13Z')
  ERROR: Build asset version error: assets/undead survivor/audio/dead.wav in SourceAssetDB has modification time of '2023-11-07T21:25:57Z' while content on disk has modification time of '2024-01-05T09:54:13Z'
Number of asset objects unloaded after import = 0
========================================================================
Received Import Request.
  Time since last request: 0.000042 seconds.
  path: Assets/Undead Survivor/Audio/Melee1.wav
  artifactKey: Guid(d1bef3102d08ba944ac7bcac65733a26) Importer(815301076,1909f56bfc062723c751e8b465ee728b)
Number of updated assets reloaded before import = 0
Start importing Assets/Undead Survivor/Audio/Melee1.wav using Guid(d1bef3102d08ba944ac7bcac65733a26) Importer(815301076,1909f56bfc062723c751e8b465ee728b)  -> (artifact id: '00000000000000000000000000000000') in 0.003673 seconds  code(4) message(Build asset version error: assets/undead survivor/audio/melee1.wav in SourceAssetDB has modification time of '2023-11-07T21:26:12Z' while content on disk has modification time of '2024-01-05T09:54:13Z')
  ERROR: Build asset version error: assets/undead survivor/audio/melee1.wav in SourceAssetDB has modification time of '2023-11-07T21:26:12Z' while content on disk has modification time of '2024-01-05T09:54:13Z'
Number of asset objects unloaded after import = 0
========================================================================
Received Import Request.
  Time since last request: 0.000030 seconds.
  path: Assets/Undead Survivor/Sprites/Farmer 1.png
  artifactKey: Guid(0c187a32c5bde4747be8d00770b07403) Importer(815301076,1909f56bfc062723c751e8b465ee728b)
Number of updated assets reloaded before import = 0
Start importing Assets/Undead Survivor/Sprites/Farmer 1.png using Guid(0c187a32c5bde4747be8d00770b07403) Importer(815301076,1909f56bfc062723c751e8b465ee728b)  -> (artifact id: '00000000000000000000000000000000') in 0.013526 seconds  code(4) message(Build asset version error: assets/undead survivor/sprites/farmer 1.png in SourceAssetDB has modification time of '2023-11-07T21:25:54Z' while content on disk has modification time of '2024-01-05T09:54:13Z')
  ERROR: Build asset version error: assets/undead survivor/sprites/farmer 1.png in SourceAssetDB has modification time of '2023-11-07T21:25:54Z' while content on disk has modification time of '2024-01-05T09:54:13Z'
Number of asset objects unloaded after import = 0
========================================================================
Received Import Request.
  Time since last request: 0.000223 seconds.
  path: Assets/Undead Survivor/Sprites/Farmer 3.png
  artifactKey: Guid(57a1443e67528144aa07582927559650) Importer(815301076,1909f56bfc062723c751e8b465ee728b)
Number of updated assets reloaded before import = 0
Start importing Assets/Undead Survivor/Sprites/Farmer 3.png using Guid(57a1443e67528144aa07582927559650) Importer(815301076,1909f56bfc062723c751e8b465ee728b)  -> (artifact id: '00000000000000000000000000000000') in 0.015656 seconds  code(4) message(Build asset version error: assets/undead survivor/sprites/farmer 3.png in SourceAssetDB has modification time of '2023-11-07T21:26:02Z' while content on disk has modification time of '2024-01-05T09:54:13Z')
  ERROR: Build asset version error: assets/undead survivor/sprites/farmer 3.png in SourceAssetDB has modification time of '2023-11-07T21:26:02Z' while content on disk has modification time of '2024-01-05T09:54:13Z'
Number of asset objects unloaded after import = 0
========================================================================
Received Import Request.
  Time since last request: 0.000030 seconds.
  path: Assets/Undead Survivor/Sprites/Enemy 3.png
  artifactKey: Guid(d33598d781682e049a53a0a13104ef29) Importer(815301076,1909f56bfc062723c751e8b465ee728b)
Number of updated assets reloaded before import = 0
Start importing Assets/Undead Survivor/Sprites/Enemy 3.png using Guid(d33598d781682e049a53a0a13104ef29) Importer(815301076,1909f56bfc062723c751e8b465ee728b)  -> (artifact id: '00000000000000000000000000000000') in 0.011716 seconds  code(4) message(Build asset version error: assets/undead survivor/sprites/enemy 3.png in SourceAssetDB has modification time of '2023-11-07T21:26:12Z' while content on disk has modification time of '2024-01-05T09:54:13Z')
  ERROR: Build asset version error: assets/undead survivor/sprites/enemy 3.png in SourceAssetDB has modification time of '2023-11-07T21:26:12Z' while content on disk has modification time of '2024-01-05T09:54:13Z'
Number of asset objects unloaded after import = 0
========================================================================
Received Import Request.
  Time since last request: 0.000034 seconds.
  path: Assets/Undead Survivor/Sprites/Enemy 1.png
  artifactKey: Guid(3bcb7877229a5334da528f2f0872b5c3) Importer(815301076,1909f56bfc062723c751e8b465ee728b)
Number of updated assets reloaded before import = 0
Start importing Assets/Undead Survivor/Sprites/Enemy 1.png using Guid(3bcb7877229a5334da528f2f0872b5c3) Importer(815301076,1909f56bfc062723c751e8b465ee728b)  -> (artifact id: '00000000000000000000000000000000') in 0.011751 seconds  code(4) message(Build asset version error: assets/undead survivor/sprites/enemy 1.png in SourceAssetDB has modification time of '2023-11-07T21:25:59Z' while content on disk has modification time of '2024-01-05T09:54:13Z')
  ERROR: Build asset version error: assets/undead survivor/sprites/enemy 1.png in SourceAssetDB has modification time of '2023-11-07T21:25:59Z' while content on disk has modification time of '2024-01-05T09:54:13Z'
Number of asset objects unloaded after import = 0
========================================================================
Received Import Request.
  Time since last request: 0.000031 seconds.
  path: Assets/Undead Survivor/Audio/LevelUp.wav
  artifactKey: Guid(64795b87003c2324fa0814fbc336066c) Importer(815301076,1909f56bfc062723c751e8b465ee728b)
Number of updated assets reloaded before import = 0
Start importing Assets/Undead Survivor/Audio/LevelUp.wav using Guid(64795b87003c2324fa0814fbc336066c) Importer(815301076,1909f56bfc062723c751e8b465ee728b)  -> (artifact id: '00000000000000000000000000000000') in 0.003828 seconds  code(4) message(Build asset version error: assets/undead survivor/audio/levelup.wav in SourceAssetDB has modification time of '2023-11-07T21:26:04Z' while content on disk has modification time of '2024-01-05T09:54:13Z')
  ERROR: Build asset version error: assets/undead survivor/audio/levelup.wav in SourceAssetDB has modification time of '2023-11-07T21:26:04Z' while content on disk has modification time of '2024-01-05T09:54:13Z'
Number of asset objects unloaded after import = 0
========================================================================
Received Import Request.
  Time since last request: 0.000030 seconds.
  path: Assets/Undead Survivor/Sprites/UI.png
  artifactKey: Guid(d71a3dc7aa20fad4f9a99fc76a9254ba) Importer(815301076,1909f56bfc062723c751e8b465ee728b)
Number of updated assets reloaded before import = 0
Start importing Assets/Undead Survivor/Sprites/UI.png using Guid(d71a3dc7aa20fad4f9a99fc76a9254ba) Importer(815301076,1909f56bfc062723c751e8b465ee728b)  -> (artifact id: '00000000000000000000000000000000') in 0.022280 seconds  code(4) message(Build asset version error: assets/undead survivor/sprites/ui.png in SourceAssetDB has modification time of '2023-11-07T21:26:13Z' while content on disk has modification time of '2024-01-05T09:54:13Z')
  ERROR: Build asset version error: assets/undead survivor/sprites/ui.png in SourceAssetDB has modification time of '2023-11-07T21:26:13Z' while content on disk has modification time of '2024-01-05T09:54:13Z'
Number of asset objects unloaded after import = 0
========================================================================
Received Import Request.
  Time since last request: 0.000032 seconds.
  path: Assets/Undead Survivor/Audio/Select.wav
  artifactKey: Guid(4b294d59d2399014daa718b35c9de73b) Importer(815301076,1909f56bfc062723c751e8b465ee728b)
Number of updated assets reloaded before import = 0
Start importing Assets/Undead Survivor/Audio/Select.wav using Guid(4b294d59d2399014daa718b35c9de73b) Importer(815301076,1909f56bfc062723c751e8b465ee728b)  -> (artifact id: '00000000000000000000000000000000') in 0.004267 seconds  code(4) message(Build asset version error: assets/undead survivor/audio/select.wav in SourceAssetDB has modification time of '2023-11-07T21:26:02Z' while content on disk has modification time of '2024-01-05T09:54:13Z')
  ERROR: Build asset version error: assets/undead survivor/audio/select.wav in SourceAssetDB has modification time of '2023-11-07T21:26:02Z' while content on disk has modification time of '2024-01-05T09:54:13Z'
Number of asset objects unloaded after import = 0
========================================================================
Received Import Request.
  Time since last request: 0.000031 seconds.
  path: Assets/Undead Survivor/Audio/Win.wav
  artifactKey: Guid(2c4bc183a5df5aa4baf7c4fcf236a2de) Importer(815301076,1909f56bfc062723c751e8b465ee728b)
Number of updated assets reloaded before import = 0
Start importing Assets/Undead Survivor/Audio/Win.wav using Guid(2c4bc183a5df5aa4baf7c4fcf236a2de) Importer(815301076,1909f56bfc062723c751e8b465ee728b)  -> (artifact id: '00000000000000000000000000000000') in 0.003078 seconds  code(4) message(Build asset version error: assets/undead survivor/audio/win.wav in SourceAssetDB has modification time of '2023-11-07T21:25:58Z' while content on disk has modification time of '2024-01-05T09:54:13Z')
  ERROR: Build asset version error: assets/undead survivor/audio/win.wav in SourceAssetDB has modification time of '2023-11-07T21:25:58Z' while content on disk has modification time of '2024-01-05T09:54:13Z'
Number of asset objects unloaded after import = 0
========================================================================
Received Import Request.
  Time since last request: 0.000025 seconds.
  path: Assets/Undead Survivor/Sprites/Farmer 0.png
  artifactKey: Guid(99a24620d31e5ce4e823c32d11e17c2c) Importer(815301076,1909f56bfc062723c751e8b465ee728b)
Number of updated assets reloaded before import = 0
Start importing Assets/Undead Survivor/Sprites/Farmer 0.png using Guid(99a24620d31e5ce4e823c32d11e17c2c) Importer(815301076,1909f56bfc062723c751e8b465ee728b)  -> (artifact id: '00000000000000000000000000000000') in 0.012256 seconds  code(4) message(Build asset version error: assets/undead survivor/sprites/farmer 0.png in SourceAssetDB has modification time of '2023-11-07T21:26:08Z' while content on disk has modification time of '2024-01-05T09:54:13Z')
  ERROR: Build asset version error: assets/undead survivor/sprites/farmer 0.png in SourceAssetDB has modification time of '2023-11-07T21:26:08Z' while content on disk has modification time of '2024-01-05T09:54:13Z'
Number of asset objects unloaded after import = 0
========================================================================
Received Import Request.
  Time since last request: 0.000032 seconds.
  path: Assets/Undead Survivor/Audio/Hit0.wav
  artifactKey: Guid(0bddcb411d826e14bb26d40ae45d8e22) Importer(815301076,1909f56bfc062723c751e8b465ee728b)
Number of updated assets reloaded before import = 0
Start importing Assets/Undead Survivor/Audio/Hit0.wav using Guid(0bddcb411d826e14bb26d40ae45d8e22) Importer(815301076,1909f56bfc062723c751e8b465ee728b)  -> (artifact id: '00000000000000000000000000000000') in 0.002747 seconds  code(4) message(Build asset version error: assets/undead survivor/audio/hit0.wav in SourceAssetDB has modification time of '2023-11-07T21:25:54Z' while content on disk has modification time of '2024-01-05T09:54:13Z')
  ERROR: Build asset version error: assets/undead survivor/audio/hit0.wav in SourceAssetDB has modification time of '2023-11-07T21:25:54Z' while content on disk has modification time of '2024-01-05T09:54:13Z'
Number of asset objects unloaded after import = 0
========================================================================
Received Import Request.
  Time since last request: 0.000028 seconds.
  path: Assets/Undead Survivor/Audio/Melee0.wav
  artifactKey: Guid(14f24de2a9a70154e96297de25e2184c) Importer(815301076,1909f56bfc062723c751e8b465ee728b)
Number of updated assets reloaded before import = 0
Start importing Assets/Undead Survivor/Audio/Melee0.wav using Guid(14f24de2a9a70154e96297de25e2184c) Importer(815301076,1909f56bfc062723c751e8b465ee728b)  -> (artifact id: '00000000000000000000000000000000') in 0.002769 seconds  code(4) message(Build asset version error: assets/undead survivor/audio/melee0.wav in SourceAssetDB has modification time of '2023-11-07T21:25:56Z' while content on disk has modification time of '2024-01-05T09:54:13Z')
  ERROR: Build asset version error: assets/undead survivor/audio/melee0.wav in SourceAssetDB has modification time of '2023-11-07T21:25:56Z' while content on disk has modification time of '2024-01-05T09:54:13Z'
Number of asset objects unloaded after import = 0
========================================================================
Received Import Request.
  Time since last request: 0.000025 seconds.
  path: Assets/Undead Survivor/Sprites/Enemy 0.png
  artifactKey: Guid(1bc6097228993f045852159e71f81d5b) Importer(815301076,1909f56bfc062723c751e8b465ee728b)
Number of updated assets reloaded before import = 0
Start importing Assets/Undead Survivor/Sprites/Enemy 0.png using Guid(1bc6097228993f045852159e71f81d5b) Importer(815301076,1909f56bfc062723c751e8b465ee728b)  -> (artifact id: '00000000000000000000000000000000') in 0.008561 seconds  code(4) message(Build asset version error: assets/undead survivor/sprites/enemy 0.png in SourceAssetDB has modification time of '2023-11-07T21:25:57Z' while content on disk has modification time of '2024-01-05T09:54:13Z')
  ERROR: Build asset version error: assets/undead survivor/sprites/enemy 0.png in SourceAssetDB has modification time of '2023-11-07T21:25:57Z' while content on disk has modification time of '2024-01-05T09:54:13Z'
Number of asset objects unloaded after import = 0
========================================================================
Received Import Request.
  Time since last request: 0.000027 seconds.
  path: Assets/Undead Survivor/Audio/Lose.wav
  artifactKey: Guid(c8a3fe17a6641ec48b38fb455a40a223) Importer(815301076,1909f56bfc062723c751e8b465ee728b)
Number of updated assets reloaded before import = 0
Start importing Assets/Undead Survivor/Audio/Lose.wav using Guid(c8a3fe17a6641ec48b38fb455a40a223) Importer(815301076,1909f56bfc062723c751e8b465ee728b)  -> (artifact id: '00000000000000000000000000000000') in 0.004511 seconds  code(4) message(Build asset version error: assets/undead survivor/audio/lose.wav in SourceAssetDB has modification time of '2023-11-07T21:26:11Z' while content on disk has modification time of '2024-01-05T09:54:13Z')
  ERROR: Build asset version error: assets/undead survivor/audio/lose.wav in SourceAssetDB has modification time of '2023-11-07T21:26:11Z' while content on disk has modification time of '2024-01-05T09:54:13Z'
Number of asset objects unloaded after import = 0
========================================================================
Received Import Request.
  Time since last request: 0.000026 seconds.
  path: Assets/Undead Survivor/Sprites/Tiles.png
  artifactKey: Guid(9ee30eb7d2f1f404790266ee96a67099) Importer(815301076,1909f56bfc062723c751e8b465ee728b)
Number of updated assets reloaded before import = 0
Start importing Assets/Undead Survivor/Sprites/Tiles.png using Guid(9ee30eb7d2f1f404790266ee96a67099) Importer(815301076,1909f56bfc062723c751e8b465ee728b)  -> (artifact id: '00000000000000000000000000000000') in 0.007538 seconds  code(4) message(Build asset version error: assets/undead survivor/sprites/tiles.png in SourceAssetDB has modification time of '2023-11-07T21:26:09Z' while content on disk has modification time of '2024-01-05T09:54:13Z')
  ERROR: Build asset version error: assets/undead survivor/sprites/tiles.png in SourceAssetDB has modification time of '2023-11-07T21:26:09Z' while content on disk has modification time of '2024-01-05T09:54:13Z'
Number of asset objects unloaded after import = 0
========================================================================
Received Import Request.
  Time since last request: 0.000030 seconds.
  path: Assets/Undead Survivor/Audio/Range.wav
  artifactKey: Guid(6f0c572d865b4664db7a460972bc4768) Importer(815301076,1909f56bfc062723c751e8b465ee728b)
Number of updated assets reloaded before import = 0
Start importing Assets/Undead Survivor/Audio/Range.wav using Guid(6f0c572d865b4664db7a460972bc4768) Importer(815301076,1909f56bfc062723c751e8b465ee728b)  -> (artifact id: '00000000000000000000000000000000') in 0.006243 seconds  code(4) message(Build asset version error: assets/undead survivor/audio/range.wav in SourceAssetDB has modification time of '2023-11-07T21:26:05Z' while content on disk has modification time of '2024-01-05T09:54:13Z')
  ERROR: Build asset version error: assets/undead survivor/audio/range.wav in SourceAssetDB has modification time of '2023-11-07T21:26:05Z' while content on disk has modification time of '2024-01-05T09:54:13Z'
Number of asset objects unloaded after import = 0
========================================================================
Received Import Request.
  Time since last request: 0.000032 seconds.
  path: Assets/Undead Survivor/Sprites/Enemy 4.png
  artifactKey: Guid(c4d2ccab0c2ad7e47853b6e31a7ac7c2) Importer(815301076,1909f56bfc062723c751e8b465ee728b)
Number of updated assets reloaded before import = 0
Start importing Assets/Undead Survivor/Sprites/Enemy 4.png using Guid(c4d2ccab0c2ad7e47853b6e31a7ac7c2) Importer(815301076,1909f56bfc062723c751e8b465ee728b)  -> (artifact id: '00000000000000000000000000000000') in 0.008129 seconds  code(4) message(Build asset version error: assets/undead survivor/sprites/enemy 4.png in SourceAssetDB has modification time of '2023-11-07T21:26:11Z' while content on disk has modification time of '2024-01-05T09:54:13Z')
  ERROR: Build asset version error: assets/undead survivor/sprites/enemy 4.png in SourceAssetDB has modification time of '2023-11-07T21:26:11Z' while content on disk has modification time of '2024-01-05T09:54:13Z'
Number of asset objects unloaded after import = 0
========================================================================
Received Import Request.
  Time since last request: 0.000027 seconds.
  path: Assets/Undead Survivor/Sprites/Enemy 2.png
  artifactKey: Guid(4104ee12b4d54f54b91b3ba875787837) Importer(815301076,1909f56bfc062723c751e8b465ee728b)
Number of updated assets reloaded before import = 0
Start importing Assets/Undead Survivor/Sprites/Enemy 2.png using Guid(4104ee12b4d54f54b91b3ba875787837) Importer(815301076,1909f56bfc062723c751e8b465ee728b)  -> (artifact id: '00000000000000000000000000000000') in 0.013021 seconds  code(4) message(Build asset version error: assets/undead survivor/sprites/enemy 2.png in SourceAssetDB has modification time of '2023-11-07T21:25:59Z' while content on disk has modification time of '2024-01-05T09:54:13Z')
  ERROR: Build asset version error: assets/undead survivor/sprites/enemy 2.png in SourceAssetDB has modification time of '2023-11-07T21:25:59Z' while content on disk has modification time of '2024-01-05T09:54:13Z'
Number of asset objects unloaded after import = 0
========================================================================
Received Import Request.
  Time since last request: 0.000039 seconds.
  path: Assets/Undead Survivor/Audio/Hit1.wav
  artifactKey: Guid(6b7eaf4532a2f614595ad58d2b86efc4) Importer(815301076,1909f56bfc062723c751e8b465ee728b)
Number of updated assets reloaded before import = 0
Start importing Assets/Undead Survivor/Audio/Hit1.wav using Guid(6b7eaf4532a2f614595ad58d2b86efc4) Importer(815301076,1909f56bfc062723c751e8b465ee728b)  -> (artifact id: '00000000000000000000000000000000') in 0.003880 seconds  code(4) message(Build asset version error: assets/undead survivor/audio/hit1.wav in SourceAssetDB has modification time of '2023-11-07T21:26:05Z' while content on disk has modification time of '2024-01-05T09:54:13Z')
  ERROR: Build asset version error: assets/undead survivor/audio/hit1.wav in SourceAssetDB has modification time of '2023-11-07T21:26:05Z' while content on disk has modification time of '2024-01-05T09:54:13Z'
Number of asset objects unloaded after import = 0
========================================================================
Received Import Request.
  Time since last request: 0.000049 seconds.
  path: Assets/Undead Survivor/Sprites/Farmer 2.png
  artifactKey: Guid(8f7a60065e3984c489b9c4d41bc3dc4e) Importer(815301076,1909f56bfc062723c751e8b465ee728b)
Number of updated assets reloaded before import = 0
Start importing Assets/Undead Survivor/Sprites/Farmer 2.png using Guid(8f7a60065e3984c489b9c4d41bc3dc4e) Importer(815301076,1909f56bfc062723c751e8b465ee728b)  -> (artifact id: '00000000000000000000000000000000') in 0.012371 seconds  code(4) message(Build asset version error: assets/undead survivor/sprites/farmer 2.png in SourceAssetDB has modification time of '2023-11-07T21:26:07Z' while content on disk has modification time of '2024-01-05T09:54:13Z')
  ERROR: Build asset version error: assets/undead survivor/sprites/farmer 2.png in SourceAssetDB has modification time of '2023-11-07T21:26:07Z' while content on disk has modification time of '2024-01-05T09:54:13Z'
Number of asset objects unloaded after import = 0
========================================================================
Received Import Request.
  Time since last request: 0.000036 seconds.
  path: Assets/Undead Survivor/Sprites/Props.png
  artifactKey: Guid(0d5e657ee5a074e4baa53d5b248a01d2) Importer(815301076,1909f56bfc062723c751e8b465ee728b)
Number of updated assets reloaded before import = 0
Start importing Assets/Undead Survivor/Sprites/Props.png using Guid(0d5e657ee5a074e4baa53d5b248a01d2) Importer(815301076,1909f56bfc062723c751e8b465ee728b)  -> (artifact id: '00000000000000000000000000000000') in 0.017995 seconds  code(4) message(Build asset version error: assets/undead survivor/sprites/props.png in SourceAssetDB has modification time of '2023-11-07T21:25:55Z' while content on disk has modification time of '2024-01-05T09:54:13Z')
  ERROR: Build asset version error: assets/undead survivor/sprites/props.png in SourceAssetDB has modification time of '2023-11-07T21:25:55Z' while content on disk has modification time of '2024-01-05T09:54:13Z'
Number of asset objects unloaded after import = 0
========================================================================
Received Import Request.
  Time since last request: 131.399946 seconds.
  path: Assets/Undead Survivor/Sprites/Enemy 0.png
  artifactKey: Guid(1bc6097228993f045852159e71f81d5b) Importer(815301076,1909f56bfc062723c751e8b465ee728b)
Number of updated assets reloaded before import = 0
Start importing Assets/Undead Survivor/Sprites/Enemy 0.png using Guid(1bc6097228993f045852159e71f81d5b) Importer(815301076,1909f56bfc062723c751e8b465ee728b)  -> (artifact id: '00000000000000000000000000000000') in 0.024724 seconds  code(4) message(Build asset version error: assets/undead survivor/sprites/enemy 0.png in SourceAssetDB has modification time of '2023-11-07T21:25:57Z' while content on disk has modification time of '2024-01-05T09:54:13Z')
  ERROR: Build asset version error: assets/undead survivor/sprites/enemy 0.png in SourceAssetDB has modification time of '2023-11-07T21:25:57Z' while content on disk has modification time of '2024-01-05T09:54:13Z'
Number of asset objects unloaded after import = 0
========================================================================
Received Import Request.
  Time since last request: 0.000134 seconds.
  path: Assets/Undead Survivor/Sprites/Farmer 1.png
  artifactKey: Guid(0c187a32c5bde4747be8d00770b07403) Importer(815301076,1909f56bfc062723c751e8b465ee728b)
Number of updated assets reloaded before import = 0
Start importing Assets/Undead Survivor/Sprites/Farmer 1.png using Guid(0c187a32c5bde4747be8d00770b07403) Importer(815301076,1909f56bfc062723c751e8b465ee728b)  -> (artifact id: '00000000000000000000000000000000') in 0.017829 seconds  code(4) message(Build asset version error: assets/undead survivor/sprites/farmer 1.png in SourceAssetDB has modification time of '2023-11-07T21:25:54Z' while content on disk has modification time of '2024-01-05T09:54:13Z')
  ERROR: Build asset version error: assets/undead survivor/sprites/farmer 1.png in SourceAssetDB has modification time of '2023-11-07T21:25:54Z' while content on disk has modification time of '2024-01-05T09:54:13Z'
Number of asset objects unloaded after import = 0
========================================================================
Received Import Request.
  Time since last request: 0.000037 seconds.
  path: Assets/Undead Survivor/Sprites/Farmer 3.png
  artifactKey: Guid(57a1443e67528144aa07582927559650) Importer(815301076,1909f56bfc062723c751e8b465ee728b)
Number of updated assets reloaded before import = 0
Start importing Assets/Undead Survivor/Sprites/Farmer 3.png using Guid(57a1443e67528144aa07582927559650) Importer(815301076,1909f56bfc062723c751e8b465ee728b)  -> (artifact id: '00000000000000000000000000000000') in 0.021889 seconds  code(4) message(Build asset version error: assets/undead survivor/sprites/farmer 3.png in SourceAssetDB has modification time of '2023-11-07T21:26:02Z' while content on disk has modification time of '2024-01-05T09:54:13Z')
  ERROR: Build asset version error: assets/undead survivor/sprites/farmer 3.png in SourceAssetDB has modification time of '2023-11-07T21:26:02Z' while content on disk has modification time of '2024-01-05T09:54:13Z'
Number of asset objects unloaded after import = 0
========================================================================
Received Import Request.
  Time since last request: 0.000041 seconds.
  path: Assets/Undead Survivor/Sprites/Enemy 3.png
  artifactKey: Guid(d33598d781682e049a53a0a13104ef29) Importer(815301076,1909f56bfc062723c751e8b465ee728b)
Number of updated assets reloaded before import = 0
Start importing Assets/Undead Survivor/Sprites/Enemy 3.png using Guid(d33598d781682e049a53a0a13104ef29) Importer(815301076,1909f56bfc062723c751e8b465ee728b)  -> (artifact id: '00000000000000000000000000000000') in 0.017827 seconds  code(4) message(Build asset version error: assets/undead survivor/sprites/enemy 3.png in SourceAssetDB has modification time of '2023-11-07T21:26:12Z' while content on disk has modification time of '2024-01-05T09:54:13Z')
  ERROR: Build asset version error: assets/undead survivor/sprites/enemy 3.png in SourceAssetDB has modification time of '2023-11-07T21:26:12Z' while content on disk has modification time of '2024-01-05T09:54:13Z'
Number of asset objects unloaded after import = 0
========================================================================
Received Import Request.
  Time since last request: 0.000039 seconds.
  path: Assets/Undead Survivor/Sprites/UI.png
  artifactKey: Guid(d71a3dc7aa20fad4f9a99fc76a9254ba) Importer(815301076,1909f56bfc062723c751e8b465ee728b)
Number of updated assets reloaded before import = 0
Start importing Assets/Undead Survivor/Sprites/UI.png using Guid(d71a3dc7aa20fad4f9a99fc76a9254ba) Importer(815301076,1909f56bfc062723c751e8b465ee728b)  -> (artifact id: '00000000000000000000000000000000') in 0.033805 seconds  code(4) message(Build asset version error: assets/undead survivor/sprites/ui.png in SourceAssetDB has modification time of '2023-11-07T21:26:13Z' while content on disk has modification time of '2024-01-05T09:54:13Z')
  ERROR: Build asset version error: assets/undead survivor/sprites/ui.png in SourceAssetDB has modification time of '2023-11-07T21:26:13Z' while content on disk has modification time of '2024-01-05T09:54:13Z'
Number of asset objects unloaded after import = 0
========================================================================
Received Import Request.
  Time since last request: 0.000035 seconds.
  path: Assets/Undead Survivor/Sprites/Enemy 4.png
  artifactKey: Guid(c4d2ccab0c2ad7e47853b6e31a7ac7c2) Importer(815301076,1909f56bfc062723c751e8b465ee728b)
Number of updated assets reloaded before import = 0
Start importing Assets/Undead Survivor/Sprites/Enemy 4.png using Guid(c4d2ccab0c2ad7e47853b6e31a7ac7c2) Importer(815301076,1909f56bfc062723c751e8b465ee728b)  -> (artifact id: '00000000000000000000000000000000') in 0.012569 seconds  code(4) message(Build asset version error: assets/undead survivor/sprites/enemy 4.png in SourceAssetDB has modification time of '2023-11-07T21:26:11Z' while content on disk has modification time of '2024-01-05T09:54:13Z')
  ERROR: Build asset version error: assets/undead survivor/sprites/enemy 4.png in SourceAssetDB has modification time of '2023-11-07T21:26:11Z' while content on disk has modification time of '2024-01-05T09:54:13Z'
Number of asset objects unloaded after import = 0
========================================================================
Received Import Request.
  Time since last request: 0.000034 seconds.
  path: Assets/Undead Survivor/Sprites/Farmer 2.png
  artifactKey: Guid(8f7a60065e3984c489b9c4d41bc3dc4e) Importer(815301076,1909f56bfc062723c751e8b465ee728b)
Number of updated assets reloaded before import = 0
Start importing Assets/Undead Survivor/Sprites/Farmer 2.png using Guid(8f7a60065e3984c489b9c4d41bc3dc4e) Importer(815301076,1909f56bfc062723c751e8b465ee728b)  -> (artifact id: '00000000000000000000000000000000') in 0.026744 seconds  code(4) message(Build asset version error: assets/undead survivor/sprites/farmer 2.png in SourceAssetDB has modification time of '2023-11-07T21:26:07Z' while content on disk has modification time of '2024-01-05T09:54:13Z')
  ERROR: Build asset version error: assets/undead survivor/sprites/farmer 2.png in SourceAssetDB has modification time of '2023-11-07T21:26:07Z' while content on disk has modification time of '2024-01-05T09:54:13Z'
Number of asset objects unloaded after import = 0
========================================================================
Received Import Request.
  Time since last request: 133.913560 seconds.
  path: Assets/Undead Survivor/Sprites/Enemy 1.png
  artifactKey: Guid(3bcb7877229a5334da528f2f0872b5c3) Importer(815301076,1909f56bfc062723c751e8b465ee728b)
Number of updated assets reloaded before import = 0
Start importing Assets/Undead Survivor/Sprites/Enemy 1.png using Guid(3bcb7877229a5334da528f2f0872b5c3) Importer(815301076,1909f56bfc062723c751e8b465ee728b)  -> (artifact id: '00000000000000000000000000000000') in 0.039938 seconds  code(4) message(Build asset version error: assets/undead survivor/sprites/enemy 1.png in SourceAssetDB has modification time of '2023-11-07T21:25:59Z' while content on disk has modification time of '2024-01-05T09:54:13Z')
  ERROR: Build asset version error: assets/undead survivor/sprites/enemy 1.png in SourceAssetDB has modification time of '2023-11-07T21:25:59Z' while content on disk has modification time of '2024-01-05T09:54:13Z'
Number of asset objects unloaded after import = 0
========================================================================
Received Import Request.
  Time since last request: 0.000060 seconds.
  path: Assets/Undead Survivor/Sprites/Farmer 3.png
  artifactKey: Guid(57a1443e67528144aa07582927559650) Importer(815301076,1909f56bfc062723c751e8b465ee728b)
Number of updated assets reloaded before import = 0
Start importing Assets/Undead Survivor/Sprites/Farmer 3.png using Guid(57a1443e67528144aa07582927559650) Importer(815301076,1909f56bfc062723c751e8b465ee728b)  -> (artifact id: '00000000000000000000000000000000') in 0.017024 seconds  code(4) message(Build asset version error: assets/undead survivor/sprites/farmer 3.png in SourceAssetDB has modification time of '2023-11-07T21:26:02Z' while content on disk has modification time of '2024-01-05T09:54:13Z')
  ERROR: Build asset version error: assets/undead survivor/sprites/farmer 3.png in SourceAssetDB has modification time of '2023-11-07T21:26:02Z' while content on disk has modification time of '2024-01-05T09:54:13Z'
Number of asset objects unloaded after import = 0
========================================================================
Received Import Request.
  Time since last request: 0.000035 seconds.
  path: Assets/Undead Survivor/Sprites/UI.png
  artifactKey: Guid(d71a3dc7aa20fad4f9a99fc76a9254ba) Importer(815301076,1909f56bfc062723c751e8b465ee728b)
Number of updated assets reloaded before import = 0
Start importing Assets/Undead Survivor/Sprites/UI.png using Guid(d71a3dc7aa20fad4f9a99fc76a9254ba) Importer(815301076,1909f56bfc062723c751e8b465ee728b)  -> (artifact id: '00000000000000000000000000000000') in 0.029857 seconds  code(4) message(Build asset version error: assets/undead survivor/sprites/ui.png in SourceAssetDB has modification time of '2023-11-07T21:26:13Z' while content on disk has modification time of '2024-01-05T09:54:13Z')
  ERROR: Build asset version error: assets/undead survivor/sprites/ui.png in SourceAssetDB has modification time of '2023-11-07T21:26:13Z' while content on disk has modification time of '2024-01-05T09:54:13Z'
Number of asset objects unloaded after import = 0
========================================================================
Received Import Request.
  Time since last request: 0.000214 seconds.
  path: Assets/Undead Survivor/Sprites/Tiles.png
  artifactKey: Guid(9ee30eb7d2f1f404790266ee96a67099) Importer(815301076,1909f56bfc062723c751e8b465ee728b)
Number of updated assets reloaded before import = 0
Start importing Assets/Undead Survivor/Sprites/Tiles.png using Guid(9ee30eb7d2f1f404790266ee96a67099) Importer(815301076,1909f56bfc062723c751e8b465ee728b)  -> (artifact id: '00000000000000000000000000000000') in 0.018776 seconds  code(4) message(Build asset version error: assets/undead survivor/sprites/tiles.png in SourceAssetDB has modification time of '2023-11-07T21:26:09Z' while content on disk has modification time of '2024-01-05T09:54:13Z')
  ERROR: Build asset version error: assets/undead survivor/sprites/tiles.png in SourceAssetDB has modification time of '2023-11-07T21:26:09Z' while content on disk has modification time of '2024-01-05T09:54:13Z'
Number of asset objects unloaded after import = 0
========================================================================
Received Import Request.
  Time since last request: 0.000040 seconds.
  path: Assets/Undead Survivor/Sprites/Enemy 2.png
  artifactKey: Guid(4104ee12b4d54f54b91b3ba875787837) Importer(815301076,1909f56bfc062723c751e8b465ee728b)
Number of updated assets reloaded before import = 0
Start importing Assets/Undead Survivor/Sprites/Enemy 2.png using Guid(4104ee12b4d54f54b91b3ba875787837) Importer(815301076,1909f56bfc062723c751e8b465ee728b)  -> (artifact id: '00000000000000000000000000000000') in 0.012715 seconds  code(4) message(Build asset version error: assets/undead survivor/sprites/enemy 2.png in SourceAssetDB has modification time of '2023-11-07T21:25:59Z' while content on disk has modification time of '2024-01-05T09:54:13Z')
  ERROR: Build asset version error: assets/undead survivor/sprites/enemy 2.png in SourceAssetDB has modification time of '2023-11-07T21:25:59Z' while content on disk has modification time of '2024-01-05T09:54:13Z'
Number of asset objects unloaded after import = 0
========================================================================
Received Import Request.
  Time since last request: 0.000041 seconds.
  path: Assets/Undead Survivor/Sprites/Props.png
  artifactKey: Guid(0d5e657ee5a074e4baa53d5b248a01d2) Importer(815301076,1909f56bfc062723c751e8b465ee728b)
Number of updated assets reloaded before import = 0
Start importing Assets/Undead Survivor/Sprites/Props.png using Guid(0d5e657ee5a074e4baa53d5b248a01d2) Importer(815301076,1909f56bfc062723c751e8b465ee728b)  -> (artifact id: '00000000000000000000000000000000') in 0.022334 seconds  code(4) message(Build asset version error: assets/undead survivor/sprites/props.png in SourceAssetDB has modification time of '2023-11-07T21:25:55Z' while content on disk has modification time of '2024-01-05T09:54:13Z')
  ERROR: Build asset version error: assets/undead survivor/sprites/props.png in SourceAssetDB has modification time of '2023-11-07T21:25:55Z' while content on disk has modification time of '2024-01-05T09:54:13Z'
Number of asset objects unloaded after import = 0
